12-Feb-2024 05:23:10 CET  Initiating request to open file file:/pnfs/desy.de/cms/tier2/store/user/beozek/try-2/MiniAOD_771.root
12-Feb-2024 05:23:13 CET  Successfully opened file file:/pnfs/desy.de/cms/tier2/store/user/beozek/try-2/MiniAOD_771.root
%MSG-e L1PrefireWeightProducer:  L1PrefiringWeightProducer:prefiringweight@ctor  12-Feb-2024 05:23:14 CET pre-events
Photon map not found. All photons prefiring weights set to 0. 
%MSG
%MSG-e L1PrefireWeightProducer:  L1PrefiringWeightProducer:prefiringweight@ctor  12-Feb-2024 05:23:14 CET pre-events
Jet map not found. All jets prefiring weights set to 0. 
%MSG
%MSG-w LogicError:  NtupleWriter:MyNtuple@beginRun 12-Feb-2024 05:23:26 CET  Run: 1
::getByLabel: An attempt was made to read a Run product before endRun() was called.
The product is of type 'LHERunInfoProduct'.
The specified ModuleLabel was 'externalLHEProducer'.
The specified productInstanceName was ''.

%MSG
Begin processing the 1st record. Run 1, Event 3, LumiSection 1 on stream 0 at 12-Feb-2024 05:23:27.185 CET
%MSG-w NtupleWriterJets:  NtupleWriter:MyNtuple 12-Feb-2024 05:23:33 CET  Run: 1 Event: 3
Did not find all b-taggers! Available btaggers: 
%MSG
%MSG-w TwoTrackMinimumDistance:   CandSecondaryVertexProducer:pfSecondaryVertexTagInfosAk8CHSJetsFat  12-Feb-2024 05:24:58 CET Run: 1 Event: 205
comparing track with itself!
%MSG
%MSG-w TwoTrackMinimumDistance:   CandSecondaryVertexProducer:pfSecondaryVertexTagInfosAk8CHSJetsFat  12-Feb-2024 05:24:58 CET Run: 1 Event: 205
Computation HelixHelix::CAIR failed.
%MSG
%MSG-w TwoTrackMinimumDistance:   CandSecondaryVertexProducer:pfSecondaryVertexTagInfosAk8CHSJetsFat  12-Feb-2024 05:24:58 CET Run: 1 Event: 205
comparing track with itself!
%MSG
%MSG-w TwoTrackMinimumDistance:   CandSecondaryVertexProducer:pfSecondaryVertexTagInfosAk8CHSJetsFat  12-Feb-2024 05:24:58 CET Run: 1 Event: 205
Computation HelixHelix::CAIR failed.
%MSG
%MSG-w TwoTrackMinimumDistance:   CandSecondaryVertexProducer:pfSecondaryVertexTagInfosAk8CHSJetsFat  12-Feb-2024 05:24:58 CET Run: 1 Event: 205
comparing track with itself!
%MSG
%MSG-w TwoTrackMinimumDistance:   CandSecondaryVertexProducer:pfSecondaryVertexTagInfosAk8CHSJetsFat  12-Feb-2024 05:24:58 CET Run: 1 Event: 205
Computation HelixHelix::CAIR failed.
%MSG
%MSG-w TwoTrackMinimumDistance:   CandSecondaryVertexProducer:pfSecondaryVertexTagInfosAk8CHSJetsSoftDrop  12-Feb-2024 05:24:58 CET Run: 1 Event: 205
comparing track with itself!
%MSG
%MSG-w TwoTrackMinimumDistance:   CandSecondaryVertexProducer:pfSecondaryVertexTagInfosAk8CHSJetsSoftDrop  12-Feb-2024 05:24:58 CET Run: 1 Event: 205
Computation HelixHelix::CAIR failed.
%MSG
%MSG-w TwoTrackMinimumDistance:   CandSecondaryVertexProducer:pfSecondaryVertexTagInfosAk8CHSJetsSoftDrop  12-Feb-2024 05:24:58 CET Run: 1 Event: 205
comparing track with itself!
%MSG
%MSG-w TwoTrackMinimumDistance:   CandSecondaryVertexProducer:pfSecondaryVertexTagInfosAk8CHSJetsSoftDrop  12-Feb-2024 05:24:58 CET Run: 1 Event: 205
Computation HelixHelix::CAIR failed.
%MSG
%MSG-w TwoTrackMinimumDistance:   CandSecondaryVertexProducer:pfSecondaryVertexTagInfosAk8CHSJetsSoftDrop  12-Feb-2024 05:24:58 CET Run: 1 Event: 205
comparing track with itself!
%MSG
%MSG-w TwoTrackMinimumDistance:   CandSecondaryVertexProducer:pfSecondaryVertexTagInfosAk8CHSJetsSoftDrop  12-Feb-2024 05:24:58 CET Run: 1 Event: 205
Computation HelixHelix::CAIR failed.
%MSG
%MSG-w TwoTrackMinimumDistance:   CandSecondaryVertexProducer:pfSecondaryVertexTagInfosAk8CHSJetsSoftDropSubjets  12-Feb-2024 05:24:58 CET Run: 1 Event: 205
comparing track with itself!
%MSG
%MSG-w TwoTrackMinimumDistance:   CandSecondaryVertexProducer:pfSecondaryVertexTagInfosAk8CHSJetsSoftDropSubjets  12-Feb-2024 05:24:58 CET Run: 1 Event: 205
Computation HelixHelix::CAIR failed.
%MSG
%MSG-w TwoTrackMinimumDistance:   CandSecondaryVertexProducer:pfSecondaryVertexTagInfosAk8CHSJetsSoftDropSubjets  12-Feb-2024 05:24:58 CET Run: 1 Event: 205
comparing track with itself!
%MSG
%MSG-w TwoTrackMinimumDistance:   CandSecondaryVertexProducer:pfSecondaryVertexTagInfosAk8CHSJetsSoftDropSubjets  12-Feb-2024 05:24:58 CET Run: 1 Event: 205
Computation HelixHelix::CAIR failed.
%MSG
%MSG-w TwoTrackMinimumDistance:   CandSecondaryVertexProducer:pfSecondaryVertexTagInfosAk8CHSJetsSoftDropSubjets  12-Feb-2024 05:24:58 CET Run: 1 Event: 205
comparing track with itself!
%MSG
%MSG-w TwoTrackMinimumDistance:   CandSecondaryVertexProducer:pfSecondaryVertexTagInfosAk8CHSJetsSoftDropSubjets  12-Feb-2024 05:24:58 CET Run: 1 Event: 205
Computation HelixHelix::CAIR failed.
%MSG
%MSG-w TwoTrackMinimumDistance:   CandSecondaryVertexProducer:pfSecondaryVertexTagInfosAk8PuppiJetsFat  12-Feb-2024 05:24:58 CET Run: 1 Event: 205
comparing track with itself!
%MSG
%MSG-w TwoTrackMinimumDistance:   CandSecondaryVertexProducer:pfSecondaryVertexTagInfosAk8PuppiJetsFat  12-Feb-2024 05:24:58 CET Run: 1 Event: 205
Computation HelixHelix::CAIR failed.
%MSG
%MSG-w TwoTrackMinimumDistance:   CandSecondaryVertexProducer:pfSecondaryVertexTagInfosAk8PuppiJetsFat  12-Feb-2024 05:24:58 CET Run: 1 Event: 205
comparing track with itself!
%MSG
%MSG-w TwoTrackMinimumDistance:   CandSecondaryVertexProducer:pfSecondaryVertexTagInfosAk8PuppiJetsFat  12-Feb-2024 05:24:58 CET Run: 1 Event: 205
Computation HelixHelix::CAIR failed.
%MSG
%MSG-w TwoTrackMinimumDistance:   CandSecondaryVertexProducer:pfSecondaryVertexTagInfosAk8PuppiJetsFat  12-Feb-2024 05:24:58 CET Run: 1 Event: 205
comparing track with itself!
%MSG
%MSG-w TwoTrackMinimumDistance:   CandSecondaryVertexProducer:pfSecondaryVertexTagInfosAk8PuppiJetsFat  12-Feb-2024 05:24:58 CET Run: 1 Event: 205
Computation HelixHelix::CAIR failed.
%MSG
%MSG-w TwoTrackMinimumDistance:   CandSecondaryVertexProducer:pfSecondaryVertexTagInfosAk8PuppiJetsSoftDrop  12-Feb-2024 05:24:58 CET Run: 1 Event: 205
comparing track with itself!
%MSG
%MSG-w TwoTrackMinimumDistance:   CandSecondaryVertexProducer:pfSecondaryVertexTagInfosAk8PuppiJetsSoftDrop  12-Feb-2024 05:24:58 CET Run: 1 Event: 205
Computation HelixHelix::CAIR failed.
%MSG
%MSG-w TwoTrackMinimumDistance:   CandSecondaryVertexProducer:pfSecondaryVertexTagInfosAk8PuppiJetsSoftDrop  12-Feb-2024 05:24:58 CET Run: 1 Event: 205
comparing track with itself!
%MSG
%MSG-w TwoTrackMinimumDistance:   CandSecondaryVertexProducer:pfSecondaryVertexTagInfosAk8PuppiJetsSoftDrop  12-Feb-2024 05:24:58 CET Run: 1 Event: 205
Computation HelixHelix::CAIR failed.
%MSG
%MSG-w TwoTrackMinimumDistance:   CandSecondaryVertexProducer:pfSecondaryVertexTagInfosAk8PuppiJetsSoftDrop  12-Feb-2024 05:24:58 CET Run: 1 Event: 205
comparing track with itself!
%MSG
%MSG-w TwoTrackMinimumDistance:   CandSecondaryVertexProducer:pfSecondaryVertexTagInfosAk8PuppiJetsSoftDrop  12-Feb-2024 05:24:58 CET Run: 1 Event: 205
Computation HelixHelix::CAIR failed.
%MSG
%MSG-w TwoTrackMinimumDistance:   CandSecondaryVertexProducer:pfSecondaryVertexTagInfosAk8PuppiJetsSoftDropSubjets  12-Feb-2024 05:24:58 CET Run: 1 Event: 205
comparing track with itself!
%MSG
%MSG-w TwoTrackMinimumDistance:   CandSecondaryVertexProducer:pfSecondaryVertexTagInfosAk8PuppiJetsSoftDropSubjets  12-Feb-2024 05:24:58 CET Run: 1 Event: 205
Computation HelixHelix::CAIR failed.
%MSG
%MSG-w TwoTrackMinimumDistance:   CandSecondaryVertexProducer:pfSecondaryVertexTagInfosAk8PuppiJetsSoftDropSubjets  12-Feb-2024 05:24:58 CET Run: 1 Event: 205
comparing track with itself!
%MSG
%MSG-w TwoTrackMinimumDistance:   CandSecondaryVertexProducer:pfSecondaryVertexTagInfosAk8PuppiJetsSoftDropSubjets  12-Feb-2024 05:24:58 CET Run: 1 Event: 205
Computation HelixHelix::CAIR failed.
%MSG
Begin processing the 251st record. Run 1, Event 472, LumiSection 5 on stream 0 at 12-Feb-2024 05:26:43.887 CET
12-Feb-2024 05:27:39 CET  Closed file file:/pnfs/desy.de/cms/tier2/store/user/beozek/try-2/MiniAOD_771.root

=============================================

MessageLogger Summary

 type     category        sev    module        subroutine        count    total
 ---- -------------------- -- ---------------- ----------------  -----    -----
    1 LogicError           -w NtupleWriter:MyN                       1        1
    2 NtupleWriterJets     -w NtupleWriter:MyN                       1        1
    3 TwoTrackMinimumDista -w CandSecondaryVer                       6        6
    4 TwoTrackMinimumDista -w CandSecondaryVer                       6        6
    5 TwoTrackMinimumDista -w CandSecondaryVer                       6        6
    6 TwoTrackMinimumDista -w CandSecondaryVer                       6        6
    7 TwoTrackMinimumDista -w CandSecondaryVer                       6        6
    8 TwoTrackMinimumDista -w CandSecondaryVer                       4        4
    9 L1PrefireWeightProdu -e L1PrefiringWeigh                       2        2
   10 fileAction           -s file_close                             1        1
   11 fileAction           -s file_open                              2        2

 type    category    Examples: run/evt        run/evt          run/evt
 ---- -------------------- ---------------- ---------------- ----------------
    1 LogicError           Run: 1                            
    2 NtupleWriterJets     1/3                               
    3 TwoTrackMinimumDistance 1/205            1/205            1/205
    4 TwoTrackMinimumDistance 1/205            1/205            1/205
    5 TwoTrackMinimumDistance 1/205            1/205            1/205
    6 TwoTrackMinimumDistance 1/205            1/205            1/205
    7 TwoTrackMinimumDistance 1/205            1/205            1/205
    8 TwoTrackMinimumDistance 1/205            1/205            1/205
    9 L1PrefireWeightProducer pre-events       pre-events       
   10 fileAction           PostGlobalEndRun                  
   11 fileAction           pre-events       pre-events       

Severity    # Occurrences   Total Occurrences
--------    -------------   -----------------
Warning                36                  36
Error                   2                   2
System                  3                   3

dropped waiting message count 0
