12-Feb-2024 05:08:53 CET  Initiating request to open file file:/pnfs/desy.de/cms/tier2/store/user/beozek/try-2/MiniAOD_4421.root
12-Feb-2024 05:08:56 CET  Successfully opened file file:/pnfs/desy.de/cms/tier2/store/user/beozek/try-2/MiniAOD_4421.root
%MSG-e L1PrefireWeightProducer:  L1PrefiringWeightProducer:prefiringweight@ctor  12-Feb-2024 05:08:57 CET pre-events
Photon map not found. All photons prefiring weights set to 0. 
%MSG
%MSG-e L1PrefireWeightProducer:  L1PrefiringWeightProducer:prefiringweight@ctor  12-Feb-2024 05:08:57 CET pre-events
Jet map not found. All jets prefiring weights set to 0. 
%MSG
%MSG-w LogicError:  NtupleWriter:MyNtuple@beginRun 12-Feb-2024 05:09:06 CET  Run: 1
::getByLabel: An attempt was made to read a Run product before endRun() was called.
The product is of type 'LHERunInfoProduct'.
The specified ModuleLabel was 'externalLHEProducer'.
The specified productInstanceName was ''.

%MSG
Begin processing the 1st record. Run 1, Event 1, LumiSection 1 on stream 0 at 12-Feb-2024 05:09:06.781 CET
%MSG-w NtupleWriterJets:  NtupleWriter:MyNtuple 12-Feb-2024 05:09:13 CET  Run: 1 Event: 1
Did not find all b-taggers! Available btaggers: 
%MSG
%MSG-w TwoTrackMinimumDistance:   CandSecondaryVertexProducer:pfSecondaryVertexTagInfosAk8CHSJetsFat  12-Feb-2024 05:10:15 CET Run: 1 Event: 162
comparing track with itself!
%MSG
%MSG-w TwoTrackMinimumDistance:   CandSecondaryVertexProducer:pfSecondaryVertexTagInfosAk8CHSJetsFat  12-Feb-2024 05:10:15 CET Run: 1 Event: 162
Computation HelixHelix::CAIR failed.
%MSG
%MSG-w TwoTrackMinimumDistance:   CandSecondaryVertexProducer:pfSecondaryVertexTagInfosAk8CHSJetsFat  12-Feb-2024 05:10:15 CET Run: 1 Event: 162
comparing track with itself!
%MSG
%MSG-w TwoTrackMinimumDistance:   CandSecondaryVertexProducer:pfSecondaryVertexTagInfosAk8CHSJetsFat  12-Feb-2024 05:10:15 CET Run: 1 Event: 162
Computation HelixHelix::CAIR failed.
%MSG
%MSG-w TwoTrackMinimumDistance:   CandSecondaryVertexProducer:pfSecondaryVertexTagInfosAk8CHSJetsFat  12-Feb-2024 05:10:15 CET Run: 1 Event: 162
comparing track with itself!
%MSG
%MSG-w TwoTrackMinimumDistance:   CandSecondaryVertexProducer:pfSecondaryVertexTagInfosAk8CHSJetsFat  12-Feb-2024 05:10:15 CET Run: 1 Event: 162
Computation HelixHelix::CAIR failed.
%MSG
%MSG-w TwoTrackMinimumDistance:   CandSecondaryVertexProducer:pfSecondaryVertexTagInfosAk8CHSJetsFat  12-Feb-2024 05:10:15 CET Run: 1 Event: 162
comparing track with itself!
%MSG
%MSG-w TwoTrackMinimumDistance:   CandSecondaryVertexProducer:pfSecondaryVertexTagInfosAk8CHSJetsFat  12-Feb-2024 05:10:15 CET Run: 1 Event: 162
Computation HelixHelix::CAIR failed.
%MSG
%MSG-w TwoTrackMinimumDistance:   CandSecondaryVertexProducer:pfSecondaryVertexTagInfosAk8CHSJetsSoftDrop  12-Feb-2024 05:10:15 CET Run: 1 Event: 162
comparing track with itself!
%MSG
%MSG-w TwoTrackMinimumDistance:   CandSecondaryVertexProducer:pfSecondaryVertexTagInfosAk8CHSJetsSoftDrop  12-Feb-2024 05:10:15 CET Run: 1 Event: 162
Computation HelixHelix::CAIR failed.
%MSG
%MSG-w TwoTrackMinimumDistance:   CandSecondaryVertexProducer:pfSecondaryVertexTagInfosAk8CHSJetsSoftDrop  12-Feb-2024 05:10:15 CET Run: 1 Event: 162
comparing track with itself!
%MSG
%MSG-w TwoTrackMinimumDistance:   CandSecondaryVertexProducer:pfSecondaryVertexTagInfosAk8CHSJetsSoftDrop  12-Feb-2024 05:10:15 CET Run: 1 Event: 162
Computation HelixHelix::CAIR failed.
%MSG
%MSG-w TwoTrackMinimumDistance:   CandSecondaryVertexProducer:pfSecondaryVertexTagInfosAk8CHSJetsSoftDrop  12-Feb-2024 05:10:15 CET Run: 1 Event: 162
comparing track with itself!
%MSG
%MSG-w TwoTrackMinimumDistance:   CandSecondaryVertexProducer:pfSecondaryVertexTagInfosAk8CHSJetsSoftDrop  12-Feb-2024 05:10:15 CET Run: 1 Event: 162
Computation HelixHelix::CAIR failed.
%MSG
%MSG-w TwoTrackMinimumDistance:   CandSecondaryVertexProducer:pfSecondaryVertexTagInfosAk8CHSJetsSoftDrop  12-Feb-2024 05:10:15 CET Run: 1 Event: 162
comparing track with itself!
%MSG
%MSG-w TwoTrackMinimumDistance:   CandSecondaryVertexProducer:pfSecondaryVertexTagInfosAk8CHSJetsSoftDrop  12-Feb-2024 05:10:15 CET Run: 1 Event: 162
Computation HelixHelix::CAIR failed.
%MSG
%MSG-w TwoTrackMinimumDistance:   CandSecondaryVertexProducer:pfSecondaryVertexTagInfosAk8PuppiJetsFat  12-Feb-2024 05:10:15 CET Run: 1 Event: 162
comparing track with itself!
%MSG
%MSG-w TwoTrackMinimumDistance:   CandSecondaryVertexProducer:pfSecondaryVertexTagInfosAk8PuppiJetsFat  12-Feb-2024 05:10:15 CET Run: 1 Event: 162
Computation HelixHelix::CAIR failed.
%MSG
%MSG-w TwoTrackMinimumDistance:   CandSecondaryVertexProducer:pfSecondaryVertexTagInfosAk8PuppiJetsFat  12-Feb-2024 05:10:15 CET Run: 1 Event: 162
comparing track with itself!
%MSG
%MSG-w TwoTrackMinimumDistance:   CandSecondaryVertexProducer:pfSecondaryVertexTagInfosAk8PuppiJetsFat  12-Feb-2024 05:10:15 CET Run: 1 Event: 162
Computation HelixHelix::CAIR failed.
%MSG
%MSG-w TwoTrackMinimumDistance:   CandSecondaryVertexProducer:pfSecondaryVertexTagInfosAk8PuppiJetsFat  12-Feb-2024 05:10:15 CET Run: 1 Event: 162
comparing track with itself!
%MSG
%MSG-w TwoTrackMinimumDistance:   CandSecondaryVertexProducer:pfSecondaryVertexTagInfosAk8PuppiJetsFat  12-Feb-2024 05:10:15 CET Run: 1 Event: 162
Computation HelixHelix::CAIR failed.
%MSG
%MSG-w TwoTrackMinimumDistance:   CandSecondaryVertexProducer:pfSecondaryVertexTagInfosAk8PuppiJetsFat  12-Feb-2024 05:10:15 CET Run: 1 Event: 162
comparing track with itself!
%MSG
%MSG-w TwoTrackMinimumDistance:   CandSecondaryVertexProducer:pfSecondaryVertexTagInfosAk8PuppiJetsFat  12-Feb-2024 05:10:15 CET Run: 1 Event: 162
Computation HelixHelix::CAIR failed.
%MSG
%MSG-w TwoTrackMinimumDistance:   CandSecondaryVertexProducer:pfSecondaryVertexTagInfosAk8PuppiJetsSoftDrop  12-Feb-2024 05:10:15 CET Run: 1 Event: 162
comparing track with itself!
%MSG
%MSG-w TwoTrackMinimumDistance:   CandSecondaryVertexProducer:pfSecondaryVertexTagInfosAk8PuppiJetsSoftDrop  12-Feb-2024 05:10:15 CET Run: 1 Event: 162
Computation HelixHelix::CAIR failed.
%MSG
%MSG-w TwoTrackMinimumDistance:   CandSecondaryVertexProducer:pfSecondaryVertexTagInfosAk8PuppiJetsSoftDrop  12-Feb-2024 05:10:15 CET Run: 1 Event: 162
comparing track with itself!
%MSG
%MSG-w TwoTrackMinimumDistance:   CandSecondaryVertexProducer:pfSecondaryVertexTagInfosAk8PuppiJetsSoftDrop  12-Feb-2024 05:10:15 CET Run: 1 Event: 162
Computation HelixHelix::CAIR failed.
%MSG
%MSG-w TwoTrackMinimumDistance:   CandSecondaryVertexProducer:pfSecondaryVertexTagInfosAk8PuppiJetsSoftDrop  12-Feb-2024 05:10:15 CET Run: 1 Event: 162
comparing track with itself!
%MSG
%MSG-w TwoTrackMinimumDistance:   CandSecondaryVertexProducer:pfSecondaryVertexTagInfosAk8PuppiJetsSoftDrop  12-Feb-2024 05:10:15 CET Run: 1 Event: 162
Computation HelixHelix::CAIR failed.
%MSG
%MSG-w TwoTrackMinimumDistance:   CandSecondaryVertexProducer:pfSecondaryVertexTagInfosAk8PuppiJetsSoftDrop  12-Feb-2024 05:10:15 CET Run: 1 Event: 162
comparing track with itself!
%MSG
%MSG-w TwoTrackMinimumDistance:   CandSecondaryVertexProducer:pfSecondaryVertexTagInfosAk8PuppiJetsSoftDrop  12-Feb-2024 05:10:15 CET Run: 1 Event: 162
Computation HelixHelix::CAIR failed.
%MSG
Begin processing the 251st record. Run 1, Event 425, LumiSection 5 on stream 0 at 12-Feb-2024 05:11:50.057 CET
12-Feb-2024 05:12:45 CET  Closed file file:/pnfs/desy.de/cms/tier2/store/user/beozek/try-2/MiniAOD_4421.root

=============================================

MessageLogger Summary

 type     category        sev    module        subroutine        count    total
 ---- -------------------- -- ---------------- ----------------  -----    -----
    1 LogicError           -w NtupleWriter:MyN                       1        1
    2 NtupleWriterJets     -w NtupleWriter:MyN                       1        1
    3 TwoTrackMinimumDista -w CandSecondaryVer                       8        8
    4 TwoTrackMinimumDista -w CandSecondaryVer                       8        8
    5 TwoTrackMinimumDista -w CandSecondaryVer                       8        8
    6 TwoTrackMinimumDista -w CandSecondaryVer                       8        8
    7 L1PrefireWeightProdu -e L1PrefiringWeigh                       2        2
    8 fileAction           -s file_close                             1        1
    9 fileAction           -s file_open                              2        2

 type    category    Examples: run/evt        run/evt          run/evt
 ---- -------------------- ---------------- ---------------- ----------------
    1 LogicError           Run: 1                            
    2 NtupleWriterJets     1/1                               
    3 TwoTrackMinimumDistance 1/162            1/162            1/162
    4 TwoTrackMinimumDistance 1/162            1/162            1/162
    5 TwoTrackMinimumDistance 1/162            1/162            1/162
    6 TwoTrackMinimumDistance 1/162            1/162            1/162
    7 L1PrefireWeightProducer pre-events       pre-events       
    8 fileAction           PostGlobalEndRun                  
    9 fileAction           pre-events       pre-events       

Severity    # Occurrences   Total Occurrences
--------    -------------   -----------------
Warning                34                  34
Error                   2                   2
System                  3                   3

dropped waiting message count 0
