12-Feb-2024 05:08:49 CET  Initiating request to open file file:/pnfs/desy.de/cms/tier2/store/user/beozek/try-2/MiniAOD_4701.root
12-Feb-2024 05:08:52 CET  Successfully opened file file:/pnfs/desy.de/cms/tier2/store/user/beozek/try-2/MiniAOD_4701.root
%MSG-e L1PrefireWeightProducer:  L1PrefiringWeightProducer:prefiringweight@ctor  12-Feb-2024 05:08:52 CET pre-events
Photon map not found. All photons prefiring weights set to 0. 
%MSG
%MSG-e L1PrefireWeightProducer:  L1PrefiringWeightProducer:prefiringweight@ctor  12-Feb-2024 05:08:52 CET pre-events
Jet map not found. All jets prefiring weights set to 0. 
%MSG
%MSG-w LogicError:  NtupleWriter:MyNtuple@beginRun 12-Feb-2024 05:09:00 CET  Run: 1
::getByLabel: An attempt was made to read a Run product before endRun() was called.
The product is of type 'LHERunInfoProduct'.
The specified ModuleLabel was 'externalLHEProducer'.
The specified productInstanceName was ''.

%MSG
Begin processing the 1st record. Run 1, Event 2, LumiSection 1 on stream 0 at 12-Feb-2024 05:09:01.075 CET
%MSG-w NtupleWriterJets:  NtupleWriter:MyNtuple 12-Feb-2024 05:09:05 CET  Run: 1 Event: 2
Did not find all b-taggers! Available btaggers: 
%MSG
Begin processing the 251st record. Run 1, Event 436, LumiSection 5 on stream 0 at 12-Feb-2024 05:11:32.166 CET
%MSG-w TwoTrackMinimumDistance:   CandSecondaryVertexProducer:pfSecondaryVertexTagInfosAk8CHSJetsFat  12-Feb-2024 05:11:54 CET Run: 1 Event: 502
comparing track with itself!
%MSG
%MSG-w TwoTrackMinimumDistance:   CandSecondaryVertexProducer:pfSecondaryVertexTagInfosAk8CHSJetsFat  12-Feb-2024 05:11:54 CET Run: 1 Event: 502
Computation HelixHelix::CAIR failed.
%MSG
%MSG-w TwoTrackMinimumDistance:   CandSecondaryVertexProducer:pfSecondaryVertexTagInfosAk8CHSJetsFat  12-Feb-2024 05:11:54 CET Run: 1 Event: 502
comparing track with itself!
%MSG
%MSG-w TwoTrackMinimumDistance:   CandSecondaryVertexProducer:pfSecondaryVertexTagInfosAk8CHSJetsFat  12-Feb-2024 05:11:54 CET Run: 1 Event: 502
Computation HelixHelix::CAIR failed.
%MSG
%MSG-w TwoTrackMinimumDistance:   CandSecondaryVertexProducer:pfSecondaryVertexTagInfosAk8CHSJetsFat  12-Feb-2024 05:11:54 CET Run: 1 Event: 502
comparing track with itself!
%MSG
%MSG-w TwoTrackMinimumDistance:   CandSecondaryVertexProducer:pfSecondaryVertexTagInfosAk8CHSJetsFat  12-Feb-2024 05:11:54 CET Run: 1 Event: 502
Computation HelixHelix::CAIR failed.
%MSG
%MSG-w TwoTrackMinimumDistance:   CandSecondaryVertexProducer:pfSecondaryVertexTagInfosAk8CHSJetsSoftDrop  12-Feb-2024 05:11:54 CET Run: 1 Event: 502
comparing track with itself!
%MSG
%MSG-w TwoTrackMinimumDistance:   CandSecondaryVertexProducer:pfSecondaryVertexTagInfosAk8CHSJetsSoftDrop  12-Feb-2024 05:11:54 CET Run: 1 Event: 502
Computation HelixHelix::CAIR failed.
%MSG
%MSG-w TwoTrackMinimumDistance:   CandSecondaryVertexProducer:pfSecondaryVertexTagInfosAk8CHSJetsSoftDrop  12-Feb-2024 05:11:54 CET Run: 1 Event: 502
comparing track with itself!
%MSG
%MSG-w TwoTrackMinimumDistance:   CandSecondaryVertexProducer:pfSecondaryVertexTagInfosAk8CHSJetsSoftDrop  12-Feb-2024 05:11:54 CET Run: 1 Event: 502
Computation HelixHelix::CAIR failed.
%MSG
%MSG-w TwoTrackMinimumDistance:   CandSecondaryVertexProducer:pfSecondaryVertexTagInfosAk8CHSJetsSoftDrop  12-Feb-2024 05:11:54 CET Run: 1 Event: 502
comparing track with itself!
%MSG
%MSG-w TwoTrackMinimumDistance:   CandSecondaryVertexProducer:pfSecondaryVertexTagInfosAk8CHSJetsSoftDrop  12-Feb-2024 05:11:54 CET Run: 1 Event: 502
Computation HelixHelix::CAIR failed.
%MSG
%MSG-w TwoTrackMinimumDistance:   CandSecondaryVertexProducer:pfSecondaryVertexTagInfosAk8CHSJetsSoftDropSubjets  12-Feb-2024 05:11:54 CET Run: 1 Event: 502
comparing track with itself!
%MSG
%MSG-w TwoTrackMinimumDistance:   CandSecondaryVertexProducer:pfSecondaryVertexTagInfosAk8CHSJetsSoftDropSubjets  12-Feb-2024 05:11:54 CET Run: 1 Event: 502
Computation HelixHelix::CAIR failed.
%MSG
%MSG-w TwoTrackMinimumDistance:   CandSecondaryVertexProducer:pfSecondaryVertexTagInfosAk8CHSJetsSoftDropSubjets  12-Feb-2024 05:11:54 CET Run: 1 Event: 502
comparing track with itself!
%MSG
%MSG-w TwoTrackMinimumDistance:   CandSecondaryVertexProducer:pfSecondaryVertexTagInfosAk8CHSJetsSoftDropSubjets  12-Feb-2024 05:11:54 CET Run: 1 Event: 502
Computation HelixHelix::CAIR failed.
%MSG
%MSG-w TwoTrackMinimumDistance:   CandSecondaryVertexProducer:pfSecondaryVertexTagInfosAk8CHSJetsSoftDropSubjets  12-Feb-2024 05:11:54 CET Run: 1 Event: 502
comparing track with itself!
%MSG
%MSG-w TwoTrackMinimumDistance:   CandSecondaryVertexProducer:pfSecondaryVertexTagInfosAk8CHSJetsSoftDropSubjets  12-Feb-2024 05:11:54 CET Run: 1 Event: 502
Computation HelixHelix::CAIR failed.
%MSG
%MSG-w TwoTrackMinimumDistance:   CandSecondaryVertexProducer:pfSecondaryVertexTagInfosAk8PuppiJetsFat  12-Feb-2024 05:11:54 CET Run: 1 Event: 502
comparing track with itself!
%MSG
%MSG-w TwoTrackMinimumDistance:   CandSecondaryVertexProducer:pfSecondaryVertexTagInfosAk8PuppiJetsFat  12-Feb-2024 05:11:54 CET Run: 1 Event: 502
Computation HelixHelix::CAIR failed.
%MSG
%MSG-w TwoTrackMinimumDistance:   CandSecondaryVertexProducer:pfSecondaryVertexTagInfosAk8PuppiJetsFat  12-Feb-2024 05:11:54 CET Run: 1 Event: 502
comparing track with itself!
%MSG
%MSG-w TwoTrackMinimumDistance:   CandSecondaryVertexProducer:pfSecondaryVertexTagInfosAk8PuppiJetsFat  12-Feb-2024 05:11:54 CET Run: 1 Event: 502
Computation HelixHelix::CAIR failed.
%MSG
%MSG-w TwoTrackMinimumDistance:   CandSecondaryVertexProducer:pfSecondaryVertexTagInfosAk8PuppiJetsFat  12-Feb-2024 05:11:54 CET Run: 1 Event: 502
comparing track with itself!
%MSG
%MSG-w TwoTrackMinimumDistance:   CandSecondaryVertexProducer:pfSecondaryVertexTagInfosAk8PuppiJetsFat  12-Feb-2024 05:11:54 CET Run: 1 Event: 502
Computation HelixHelix::CAIR failed.
%MSG
%MSG-w TwoTrackMinimumDistance:   CandSecondaryVertexProducer:pfSecondaryVertexTagInfosAk8PuppiJetsSoftDrop  12-Feb-2024 05:11:54 CET Run: 1 Event: 502
comparing track with itself!
%MSG
%MSG-w TwoTrackMinimumDistance:   CandSecondaryVertexProducer:pfSecondaryVertexTagInfosAk8PuppiJetsSoftDrop  12-Feb-2024 05:11:54 CET Run: 1 Event: 502
Computation HelixHelix::CAIR failed.
%MSG
%MSG-w TwoTrackMinimumDistance:   CandSecondaryVertexProducer:pfSecondaryVertexTagInfosAk8PuppiJetsSoftDrop  12-Feb-2024 05:11:54 CET Run: 1 Event: 502
comparing track with itself!
%MSG
%MSG-w TwoTrackMinimumDistance:   CandSecondaryVertexProducer:pfSecondaryVertexTagInfosAk8PuppiJetsSoftDrop  12-Feb-2024 05:11:54 CET Run: 1 Event: 502
Computation HelixHelix::CAIR failed.
%MSG
%MSG-w TwoTrackMinimumDistance:   CandSecondaryVertexProducer:pfSecondaryVertexTagInfosAk8PuppiJetsSoftDrop  12-Feb-2024 05:11:54 CET Run: 1 Event: 502
comparing track with itself!
%MSG
%MSG-w TwoTrackMinimumDistance:   CandSecondaryVertexProducer:pfSecondaryVertexTagInfosAk8PuppiJetsSoftDrop  12-Feb-2024 05:11:54 CET Run: 1 Event: 502
Computation HelixHelix::CAIR failed.
%MSG
%MSG-w TwoTrackMinimumDistance:   CandSecondaryVertexProducer:pfSecondaryVertexTagInfosAk8PuppiJetsSoftDropSubjets  12-Feb-2024 05:11:54 CET Run: 1 Event: 502
comparing track with itself!
%MSG
%MSG-w TwoTrackMinimumDistance:   CandSecondaryVertexProducer:pfSecondaryVertexTagInfosAk8PuppiJetsSoftDropSubjets  12-Feb-2024 05:11:54 CET Run: 1 Event: 502
Computation HelixHelix::CAIR failed.
%MSG
%MSG-w TwoTrackMinimumDistance:   CandSecondaryVertexProducer:pfSecondaryVertexTagInfosAk8PuppiJetsSoftDropSubjets  12-Feb-2024 05:11:54 CET Run: 1 Event: 502
comparing track with itself!
%MSG
%MSG-w TwoTrackMinimumDistance:   CandSecondaryVertexProducer:pfSecondaryVertexTagInfosAk8PuppiJetsSoftDropSubjets  12-Feb-2024 05:11:54 CET Run: 1 Event: 502
Computation HelixHelix::CAIR failed.
%MSG
%MSG-w TwoTrackMinimumDistance:   CandSecondaryVertexProducer:pfSecondaryVertexTagInfosAk8PuppiJetsSoftDropSubjets  12-Feb-2024 05:11:54 CET Run: 1 Event: 502
comparing track with itself!
%MSG
%MSG-w TwoTrackMinimumDistance:   CandSecondaryVertexProducer:pfSecondaryVertexTagInfosAk8PuppiJetsSoftDropSubjets  12-Feb-2024 05:11:54 CET Run: 1 Event: 502
Computation HelixHelix::CAIR failed.
%MSG
12-Feb-2024 05:12:28 CET  Closed file file:/pnfs/desy.de/cms/tier2/store/user/beozek/try-2/MiniAOD_4701.root

=============================================

MessageLogger Summary

 type     category        sev    module        subroutine        count    total
 ---- -------------------- -- ---------------- ----------------  -----    -----
    1 LogicError           -w NtupleWriter:MyN                       1        1
    2 NtupleWriterJets     -w NtupleWriter:MyN                       1        1
    3 TwoTrackMinimumDista -w CandSecondaryVer                       6        6
    4 TwoTrackMinimumDista -w CandSecondaryVer                       6        6
    5 TwoTrackMinimumDista -w CandSecondaryVer                       6        6
    6 TwoTrackMinimumDista -w CandSecondaryVer                       6        6
    7 TwoTrackMinimumDista -w CandSecondaryVer                       6        6
    8 TwoTrackMinimumDista -w CandSecondaryVer                       6        6
    9 L1PrefireWeightProdu -e L1PrefiringWeigh                       2        2
   10 fileAction           -s file_close                             1        1
   11 fileAction           -s file_open                              2        2

 type    category    Examples: run/evt        run/evt          run/evt
 ---- -------------------- ---------------- ---------------- ----------------
    1 LogicError           Run: 1                            
    2 NtupleWriterJets     1/2                               
    3 TwoTrackMinimumDistance 1/502            1/502            1/502
    4 TwoTrackMinimumDistance 1/502            1/502            1/502
    5 TwoTrackMinimumDistance 1/502            1/502            1/502
    6 TwoTrackMinimumDistance 1/502            1/502            1/502
    7 TwoTrackMinimumDistance 1/502            1/502            1/502
    8 TwoTrackMinimumDistance 1/502            1/502            1/502
    9 L1PrefireWeightProducer pre-events       pre-events       
   10 fileAction           PostGlobalEndRun                  
   11 fileAction           pre-events       pre-events       

Severity    # Occurrences   Total Occurrences
--------    -------------   -----------------
Warning                38                  38
Error                   2                   2
System                  3                   3

dropped waiting message count 0
