Starting job on  Mon Feb 12 05:13:43 CET 2024
Running on: Linux bird654.desy.de 3.10.0-1160.108.1.el7.x86_64 #1 SMP Thu Jan 25 16:17:31 UTC 2024 x86_64 x86_64 x86_64 GNU/Linux

Sourcing Grid UI environment ('/nfs/dust/cms/user/beozek/uuh2-106X_v2/CMSSW_10_6_28/src/UHH2/ZprimeSemiLeptonic/condor/run_on_condor_EFT.sh') ...

Using Grid environment in '/cvmfs/grid.cern.ch/centos7-umd4-ui-211021'.
Adding DESY site environment.
/nfs/dust/cms/user/beozek/uuh2-106X_v2/CMSSW_10_6_28/src/UHH2/ZprimeSemiLeptonic/condor
/nfs/dust/cms/user/beozek/uuh2-106X_v2/CMSSW_10_6_28 is the CMSSW we have on the local worker node
/nfs/dust/cms/user/beozek/uuh2-106X_v2/CMSSW_10_6_28/src/UHH2
Input files, /pnfs/desy.de/cms/tier2/store/user/beozek/try-2/MiniAOD_3764.root: 
/nfs/dust/cms/user/beozek/uuh2-106X_v2/CMSSW_10_6_28/src/UHH2
***  Adding fatjets_subjets for ak8CHSJetsFat
  Adding groomed genjets: ak8GenJetsSoftDrop
  Adding ungroomed genjets: ak8GenJetsFat
  Adding ungroomed jets: patJetsAk8CHSJetsFat
  Adding groomed jets: patJetsAk8CHSJetsSoftDrop
  Adding groomed jets' subjets: patJetsAk8CHSJetsSoftDropSubjets
  Adding groomed jets + subjets packer: patJetsAk8CHSJetsSoftDropPacked
***  Adding fatjets_subjets for ak8PuppiJetsFat
  Adding groomed genjets: ak8GenJetsSoftDrop
  Adding ungroomed genjets: ak8GenJetsFat
  Adding ungroomed jets: patJetsAk8PuppiJetsFat
  Adding groomed jets: patJetsAk8PuppiJetsSoftDrop
  Adding groomed jets' subjets: patJetsAk8PuppiJetsSoftDropSubjets
  Adding groomed jets + subjets packer: patJetsAk8PuppiJetsSoftDropPacked
Switching PV collection for PF2PAT: cms.InputTag("offlineSlimmedPrimaryVertices")
***********************************
Adding patJetsAK8PFPUPPI
Adding patJetsAK8PFCHS
Renaming 'updatedPatJetsTransientCorrectedSlimmedJetsPuppiNewDFTraining' to 'jetsAk4Puppi'
Renaming 'updatedPatJetsTransientCorrectedSlimmedJetsNewDFTraining' to 'jetsAk4CHS'
Renaming 'updatedPatJetsTransientCorrectedRekeyPatJetsAK8PFPUPPINewDFTraining' to 'jetsAk8Puppi'
Renaming 'patJetsAK8PFCHS' to 'jetsAk8CHS'
Renaming 'updatedPatJetsTransientCorrectedRekeyPackedPatJetsAk8PuppiJetsNewDFTraining' to 'jetsAk8PuppiSubstructure'
Renaming 'updatedPatJetsTransientCorrectedPackedPatJetsAk8CHSJetsNewDFTraining' to 'jetsAk8CHSSubstructure'
Renaming 'slimmedPhotons' to 'slimmedPhotonsUSER'
***  Adding fatjets_subjets for ak8CHSJetsFat
  Adding groomed genjets: ak8GenJetsSoftDrop
  Adding ungroomed genjets: ak8GenJetsFat
  Adding ungroomed jets: patJetsAk8CHSJetsFat
  Adding groomed jets: patJetsAk8CHSJetsSoftDrop
  Adding groomed jets' subjets: patJetsAk8CHSJetsSoftDropSubjets
  Adding groomed jets + subjets packer: patJetsAk8CHSJetsSoftDropPacked
***  Adding fatjets_subjets for ak8PuppiJetsFat
  Adding groomed genjets: ak8GenJetsSoftDrop
  Adding ungroomed genjets: ak8GenJetsFat
  Adding ungroomed jets: patJetsAk8PuppiJetsFat
  Adding groomed jets: patJetsAk8PuppiJetsSoftDrop
  Adding groomed jets' subjets: patJetsAk8PuppiJetsSoftDropSubjets
  Adding groomed jets + subjets packer: patJetsAk8PuppiJetsSoftDropPacked
Switching PV collection for PF2PAT: cms.InputTag("offlineSlimmedPrimaryVertices")
***********************************
Adding patJetsAK8PFPUPPI
Adding patJetsAK8PFCHS
Renaming 'updatedPatJetsTransientCorrectedSlimmedJetsPuppiNewDFTraining' to 'jetsAk4Puppi'
Renaming 'updatedPatJetsTransientCorrectedSlimmedJetsNewDFTraining' to 'jetsAk4CHS'
Renaming 'updatedPatJetsTransientCorrectedRekeyPatJetsAK8PFPUPPINewDFTraining' to 'jetsAk8Puppi'
Renaming 'patJetsAK8PFCHS' to 'jetsAk8CHS'
Renaming 'updatedPatJetsTransientCorrectedRekeyPackedPatJetsAk8PuppiJetsNewDFTraining' to 'jetsAk8PuppiSubstructure'
Renaming 'updatedPatJetsTransientCorrectedPackedPatJetsAk8CHSJetsNewDFTraining' to 'jetsAk8CHSSubstructure'
Renaming 'slimmedPhotons' to 'slimmedPhotonsUSER'
('Input file set to:', 'inputFiles=file:/pnfs/desy.de/cms/tier2/store/user/beozek/try-2/MiniAOD_3764.root')
('Output file set to:', 'outputFile=output_3640.root')
['cmsRun', '/nfs/dust/cms/user/beozek/uuh2-106X_v2/CMSSW_10_6_28/src/UHH2/core/python/ntuplewriter_mc_UL18_3.py', 'inputFiles=file:/pnfs/desy.de/cms/tier2/store/user/beozek/try-2/MiniAOD_3764.root', 'outputFile=output_3640.root']
Job completed on Mon Feb 12 05:32:27 CET 2024
